2017-12-14 23:12:16,739 [main] INFO  com.deady.printer.Device:49 - DeadyDevice Creating Ethernet port...
2017-12-14 23:12:16,799 [main] INFO  com.deady.printer.Device:53 - DeadyDevice Port creation successful
2017-12-14 23:12:16,799 [main] INFO  com.deady.printer.EthernetPort:55 - EthernetPort   ------- openPort method -------
2017-12-14 23:12:16,811 [Thread-0] INFO  com.deady.printer.EthernetPort:62 - EthernetPort   Thread started
2017-12-14 23:12:16,811 [Thread-0] INFO  com.deady.printer.EthernetPort:69 - EthernetPort   Buffers cleared
2017-12-14 23:12:16,812 [Thread-0] INFO  com.deady.printer.EthernetPort:71 - EthernetPort   IP address: 192.168.31.201
2017-12-14 23:12:16,812 [Thread-0] INFO  com.deady.printer.EthernetPort:73 - EthernetPort  Port number: 9100
2017-12-14 23:12:16,822 [Thread-0] INFO  com.deady.printer.EthernetPort:83 - EthernetPort   Socket created
2017-12-14 23:12:16,823 [Thread-0] INFO  com.deady.printer.EthernetPort:88 - EthernetPort   Streams created
2017-12-14 23:12:16,823 [Thread-0] INFO  com.deady.printer.EthernetPort:96 - EthernetPort   Starting network loop
2017-12-14 23:12:16,911 [main] INFO  com.deady.printer.Device:65 - DeadyDevice Port is open
2017-12-14 23:12:16,913 [main] INFO  com.deady.printer.Device:273 - command:'ESC @'
2017-12-14 23:12:16,913 [main] INFO  com.deady.printer.Device:273 - command:ESC M 0
2017-12-14 23:12:16,914 [main] INFO  com.deady.printer.Device:273 - command:ESC E 0
2017-12-14 23:12:16,914 [main] INFO  com.deady.printer.Device:273 - command:ESC - 0
2017-12-14 23:12:16,916 [main] INFO  com.deady.printer.Device:273 - command:GS ! 68
2017-12-14 23:12:16,924 [Thread-0] INFO  com.deady.printer.EthernetPort:107 - EthernetPort  Sending data: 2 bytes
2017-12-14 23:12:16,966 [main] INFO  com.deady.printer.Device:273 - command:你好 'LF'
2017-12-14 23:12:16,974 [Thread-0] INFO  com.deady.printer.EthernetPort:107 - EthernetPort  Sending data: 7 bytes
2017-12-14 23:12:17,024 [Thread-0] INFO  com.deady.printer.EthernetPort:158 - EthernetPort   Closing network
2017-12-14 23:12:19,821 [main] INFO  com.deady.printer.Device:49 - DeadyDevice Creating Ethernet port...
2017-12-14 23:12:19,829 [main] INFO  com.deady.printer.Device:53 - DeadyDevice Port creation successful
2017-12-14 23:12:19,830 [main] INFO  com.deady.printer.EthernetPort:55 - EthernetPort   ------- openPort method -------
2017-12-14 23:12:19,831 [Thread-0] INFO  com.deady.printer.EthernetPort:62 - EthernetPort   Thread started
2017-12-14 23:12:19,832 [Thread-0] INFO  com.deady.printer.EthernetPort:69 - EthernetPort   Buffers cleared
2017-12-14 23:12:19,832 [Thread-0] INFO  com.deady.printer.EthernetPort:71 - EthernetPort   IP address: 192.168.31.201
2017-12-14 23:12:19,832 [Thread-0] INFO  com.deady.printer.EthernetPort:73 - EthernetPort  Port number: 9100
2017-12-14 23:12:19,839 [Thread-0] INFO  com.deady.printer.EthernetPort:83 - EthernetPort   Socket created
2017-12-14 23:12:19,840 [Thread-0] INFO  com.deady.printer.EthernetPort:88 - EthernetPort   Streams created
2017-12-14 23:12:19,841 [Thread-0] INFO  com.deady.printer.EthernetPort:96 - EthernetPort   Starting network loop
2017-12-14 23:12:19,932 [main] INFO  com.deady.printer.Device:65 - DeadyDevice Port is open
2017-12-14 23:12:19,935 [main] INFO  com.deady.printer.Device:273 - command:'ESC @'
2017-12-14 23:12:19,935 [main] INFO  com.deady.printer.Device:273 - command:ESC M 0
2017-12-14 23:12:19,936 [main] INFO  com.deady.printer.Device:273 - command:ESC E 0
2017-12-14 23:12:19,936 [main] INFO  com.deady.printer.Device:273 - command:ESC - 0
2017-12-14 23:12:19,938 [main] INFO  com.deady.printer.Device:273 - command:GS ! 68
2017-12-14 23:12:19,942 [Thread-0] INFO  com.deady.printer.EthernetPort:107 - EthernetPort  Sending data: 2 bytes
2017-12-14 23:12:19,988 [main] INFO  com.deady.printer.Device:273 - command:你好 'LF'
2017-12-14 23:12:19,992 [Thread-0] INFO  com.deady.printer.EthernetPort:107 - EthernetPort  Sending data: 7 bytes
2017-12-14 23:12:20,042 [Thread-0] INFO  com.deady.printer.EthernetPort:158 - EthernetPort   Closing network
2017-12-14 23:12:21,213 [main] INFO  com.deady.printer.Device:49 - DeadyDevice Creating Ethernet port...
2017-12-14 23:12:21,222 [main] INFO  com.deady.printer.Device:53 - DeadyDevice Port creation successful
2017-12-14 23:12:21,222 [main] INFO  com.deady.printer.EthernetPort:55 - EthernetPort   ------- openPort method -------
2017-12-14 23:12:21,223 [Thread-0] INFO  com.deady.printer.EthernetPort:62 - EthernetPort   Thread started
2017-12-14 23:12:21,223 [Thread-0] INFO  com.deady.printer.EthernetPort:69 - EthernetPort   Buffers cleared
2017-12-14 23:12:21,224 [Thread-0] INFO  com.deady.printer.EthernetPort:71 - EthernetPort   IP address: 192.168.31.201
2017-12-14 23:12:21,224 [Thread-0] INFO  com.deady.printer.EthernetPort:73 - EthernetPort  Port number: 9100
2017-12-14 23:12:21,230 [Thread-0] INFO  com.deady.printer.EthernetPort:83 - EthernetPort   Socket created
2017-12-14 23:12:21,231 [Thread-0] INFO  com.deady.printer.EthernetPort:88 - EthernetPort   Streams created
2017-12-14 23:12:21,232 [Thread-0] INFO  com.deady.printer.EthernetPort:96 - EthernetPort   Starting network loop
2017-12-14 23:12:21,323 [main] INFO  com.deady.printer.Device:65 - DeadyDevice Port is open
2017-12-14 23:12:21,324 [main] INFO  com.deady.printer.Device:273 - command:'ESC @'
2017-12-14 23:12:21,325 [main] INFO  com.deady.printer.Device:273 - command:ESC M 0
2017-12-14 23:12:21,325 [main] INFO  com.deady.printer.Device:273 - command:ESC E 0
2017-12-14 23:12:21,325 [main] INFO  com.deady.printer.Device:273 - command:ESC - 0
2017-12-14 23:12:21,328 [main] INFO  com.deady.printer.Device:273 - command:GS ! 68
2017-12-14 23:12:21,332 [Thread-0] INFO  com.deady.printer.EthernetPort:107 - EthernetPort  Sending data: 2 bytes
2017-12-14 23:12:21,379 [main] INFO  com.deady.printer.Device:273 - command:你好 'LF'
2017-12-14 23:12:21,382 [Thread-0] INFO  com.deady.printer.EthernetPort:107 - EthernetPort  Sending data: 7 bytes
2017-12-14 23:12:21,433 [Thread-0] INFO  com.deady.printer.EthernetPort:158 - EthernetPort   Closing network
2017-12-14 23:13:28,866 [main] INFO  com.deady.printer.Device:49 - DeadyDevice Creating Ethernet port...
2017-12-14 23:13:28,881 [main] INFO  com.deady.printer.Device:53 - DeadyDevice Port creation successful
2017-12-14 23:13:28,881 [main] INFO  com.deady.printer.EthernetPort:55 - EthernetPort   ------- openPort method -------
2017-12-14 23:13:28,883 [Thread-0] INFO  com.deady.printer.EthernetPort:62 - EthernetPort   Thread started
2017-12-14 23:13:28,884 [Thread-0] INFO  com.deady.printer.EthernetPort:69 - EthernetPort   Buffers cleared
2017-12-14 23:13:28,884 [Thread-0] INFO  com.deady.printer.EthernetPort:71 - EthernetPort   IP address: 192.168.31.201
2017-12-14 23:13:28,885 [Thread-0] INFO  com.deady.printer.EthernetPort:73 - EthernetPort  Port number: 9100
2017-12-14 23:13:28,894 [Thread-0] INFO  com.deady.printer.EthernetPort:83 - EthernetPort   Socket created
2017-12-14 23:13:28,895 [Thread-0] INFO  com.deady.printer.EthernetPort:88 - EthernetPort   Streams created
2017-12-14 23:13:28,895 [Thread-0] INFO  com.deady.printer.EthernetPort:96 - EthernetPort   Starting network loop
2017-12-14 23:13:28,983 [main] INFO  com.deady.printer.Device:65 - DeadyDevice Port is open
2017-12-14 23:13:28,987 [main] INFO  com.deady.printer.Device:273 - command:'ESC @'
2017-12-14 23:13:28,996 [Thread-0] INFO  com.deady.printer.EthernetPort:107 - EthernetPort  Sending data: 2 bytes
2017-12-14 23:13:48,449 [main] INFO  com.deady.printer.Device:273 - command:ESC M 0
2017-12-14 23:13:48,450 [main] INFO  com.deady.printer.Device:273 - command:ESC E 0
2017-12-14 23:13:48,451 [main] INFO  com.deady.printer.Device:273 - command:ESC - 0
2017-12-14 23:13:48,455 [main] INFO  com.deady.printer.Device:273 - command:GS ! 68
2017-12-14 23:17:02,986 [main] INFO  com.deady.printer.Device:273 - command:你好 'LF'
2017-12-14 23:17:02,996 [Thread-0] INFO  com.deady.printer.EthernetPort:107 - EthernetPort  Sending data: 7 bytes
